<?xml version="1.0" encoding="UTF-8"?>
<!-- Generated by org.testng.reporters.JUnitReportReporter -->
<testsuite hostname="DESKTOP-R6BD6UD" failures="0" tests="2" name="com.microfocus.test.LoginUITest" time="50.238" errors="0" timestamp="2023-04-13T12:57:09 IST" skipped="0">
  <testcase classname="com.microfocus.test.LoginUITest" name="validateTitleTest" time="10.455"/>
  <system-out/>
  <testcase classname="com.microfocus.test.LoginUITest" name="validatePlaceholderTest" time="39.783"/>
  <system-out/>
</testsuite> <!-- com.microfocus.test.LoginUITest -->
